<?xml version="1.0" encoding="UTF-8"?>
<testsuite name="com.example.SampleAdding.contoller.AddingControllerTest" tests="2" skipped="0" failures="0" errors="0" timestamp="2024-08-08T21:16:21" hostname="MIAMD-JF06003F1Y.am.tsacorp.com" time="0.47">
  <properties/>
  <testcase name="testAdd()" classname="com.example.SampleAdding.contoller.AddingControllerTest" time="0.465"/>
  <testcase name="testPing()" classname="com.example.SampleAdding.contoller.AddingControllerTest" time="0.004"/>
  <system-out><![CDATA[16:16:20.834 [Test worker] INFO org.springframework.test.context.support.AnnotationConfigContextLoaderUtils -- Could not detect default configuration classes for test class [com.example.SampleAdding.contoller.AddingControllerTest]: AddingControllerTest does not declare any static, non-private, non-final, nested classes annotated with @Configuration.
16:16:20.875 [Test worker] INFO org.springframework.boot.test.context.SpringBootTestContextBootstrapper -- Found @SpringBootConfiguration com.example.SampleAdding.SampleAddingApplication for test class com.example.SampleAdding.contoller.AddingControllerTest

  .   ____          _            __ _ _
 /\\ / ___'_ __ _ _(_)_ __  __ _ \ \ \ \
( ( )\___ | '_ | '_| | '_ \/ _` | \ \ \ \
 \\/  ___)| |_)| | | | | || (_| |  ) ) ) )
  '  |____| .__|_| |_|_| |_\__, | / / / /
 =========|_|==============|___/=/_/_/_/

 :: Spring Boot ::                (v3.3.2)

2024-08-08T16:16:20.994-05:00  INFO 38098 --- [SampleAdding] [    Test worker] c.e.S.contoller.AddingControllerTest     : Starting AddingControllerTest using Java 21.0.2 with PID 38098 (started by elangovann in /Users/elangovann/Downloads/SampleAdding)
2024-08-08T16:16:20.994-05:00  INFO 38098 --- [SampleAdding] [    Test worker] c.e.S.contoller.AddingControllerTest     : No active profile set, falling back to 1 default profile: "default"
2024-08-08T16:16:21.348-05:00  INFO 38098 --- [SampleAdding] [    Test worker] o.s.b.t.m.w.SpringBootMockServletContext : Initializing Spring TestDispatcherServlet ''
2024-08-08T16:16:21.349-05:00  INFO 38098 --- [SampleAdding] [    Test worker] o.s.t.web.servlet.TestDispatcherServlet  : Initializing Servlet ''
2024-08-08T16:16:21.349-05:00  INFO 38098 --- [SampleAdding] [    Test worker] o.s.t.web.servlet.TestDispatcherServlet  : Completed initialization in 0 ms
2024-08-08T16:16:21.403-05:00  INFO 38098 --- [SampleAdding] [    Test worker] c.e.S.contoller.AddingControllerTest     : Started AddingControllerTest in 0.441 seconds (process running for 0.914)
]]></system-out>
  <system-err><![CDATA[WARNING: A Java agent has been loaded dynamically (/Users/elangovann/.gradle/caches/modules-2/files-2.1/net.bytebuddy/byte-buddy-agent/1.14.18/417558ea01fe9f0e8a94af28b9469d281c4e3984/byte-buddy-agent-1.14.18.jar)
WARNING: If a serviceability tool is in use, please run with -XX:+EnableDynamicAgentLoading to hide this warning
WARNING: If a serviceability tool is not in use, please run with -Djdk.instrument.traceUsage for more information
WARNING: Dynamic loading of agents will be disallowed by default in a future release
]]></system-err>
</testsuite>
